============================= test session starts =============================
platform win32 -- Python 3.14.0, pytest-9.0.2, pluggy-1.6.0
rootdir: C:\Users\papop\Desktop\TaskScheduler\MicMute
configfile: pyproject.toml
plugins: anyio-4.12.1
collected 18 items

tests\test_overlay.py ..................                                 [100%]

============================== warnings summary ===============================
..\..\..\AppData\Local\Python\pythoncore-3.14-64\Lib\site-packages\_pytest\config\__init__.py:1428
  C:\Users\papop\AppData\Local\Python\pythoncore-3.14-64\Lib\site-packages\_pytest\config\__init__.py:1428: PytestConfigWarning: Unknown config option: qt_api
  
    self._warn_or_fail_if_strict(f"Unknown config option: {key}\n")

-- Docs: https://docs.pytest.org/en/stable/how-to/capture-warnings.html
======================== 18 passed, 1 warning in 0.50s ========================
